# Logfile created on 2014-02-16 12:43:55 -0800 by logger.rb/44203
I, [2014-02-16T12:43:55.909041 #86368]  INFO -- : 0:  sass (3.2.14) from /Users/jules/.rvm/gems/ruby-2.1.0/specifications/sass-3.2.14.gemspec
I, [2014-02-16T12:43:55.909649 #86368]  INFO -- : 0:  thor (0.18.1) from /Users/jules/.rvm/gems/ruby-2.1.0/specifications/thor-0.18.1.gemspec
I, [2014-02-16T12:43:55.910172 #86368]  INFO -- : 0:  bourbon (3.1.8) from /Users/jules/.rvm/gems/ruby-2.1.0/specifications/bourbon-3.1.8.gemspec
I, [2014-02-16T12:43:59.232151 #86368]  INFO -- : 0:  rack (1.5.2) from /Users/jules/.rvm/gems/ruby-2.1.0/specifications/rack-1.5.2.gemspec
I, [2014-02-16T12:43:59.232876 #86368]  INFO -- : 0:  bundler (1.5.1) from /Users/jules/.rvm/gems/ruby-2.1.0@global/specifications/bundler-1.5.1.gemspec
I, [2014-02-17T12:40:19.516443 #93168]  INFO -- : 0:  sass (3.2.14) from /Users/jules/.rvm/gems/ruby-2.1.0/specifications/sass-3.2.14.gemspec
I, [2014-02-17T12:40:19.517373 #93168]  INFO -- : 0:  thor (0.18.1) from /Users/jules/.rvm/gems/ruby-2.1.0/specifications/thor-0.18.1.gemspec
I, [2014-02-17T12:40:19.517773 #93168]  INFO -- : 0:  bourbon (3.1.8) from /Users/jules/.rvm/gems/ruby-2.1.0/specifications/bourbon-3.1.8.gemspec
I, [2014-02-17T12:40:19.518079 #93168]  INFO -- : 0:  daemons (1.1.9) from /Users/jules/.rvm/gems/ruby-2.1.0/specifications/daemons-1.1.9.gemspec
I, [2014-02-17T12:40:19.518362 #93168]  INFO -- : 0:  eventmachine (1.0.3) from /Users/jules/.rvm/gems/ruby-2.1.0/specifications/eventmachine-1.0.3.gemspec
I, [2014-02-17T12:40:19.518622 #93168]  INFO -- : 0:  rack (1.5.2) from /Users/jules/.rvm/gems/ruby-2.1.0/specifications/rack-1.5.2.gemspec
I, [2014-02-17T12:40:19.518871 #93168]  INFO -- : 0:  rack-protection (1.5.1) from /Users/jules/.rvm/gems/ruby-2.1.0/specifications/rack-protection-1.5.1.gemspec
I, [2014-02-17T12:40:19.519133 #93168]  INFO -- : 0:  shotgun (0.9) from /Users/jules/.rvm/gems/ruby-2.1.0/specifications/shotgun-0.9.gemspec
I, [2014-02-17T12:40:19.519388 #93168]  INFO -- : 0:  tilt (1.4.1) from /Users/jules/.rvm/gems/ruby-2.1.0/specifications/tilt-1.4.1.gemspec
I, [2014-02-17T12:40:19.519633 #93168]  INFO -- : 0:  sinatra (1.3.6) from /Users/jules/.rvm/gems/ruby-2.1.0/specifications/sinatra-1.3.6.gemspec
I, [2014-02-17T12:40:19.519880 #93168]  INFO -- : 0:  thin (1.5.0) from /Users/jules/.rvm/gems/ruby-2.1.0/specifications/thin-1.5.0.gemspec
I, [2014-02-17T12:40:19.520118 #93168]  INFO -- : 0:  bundler (1.5.1) from /Users/jules/.rvm/gems/ruby-2.1.0@global/specifications/bundler-1.5.1.gemspec
I, [2014-02-17T12:42:54.784806 #93205]  INFO -- : 0:  sass (3.2.14) from /Users/jules/.rvm/gems/ruby-2.1.0/specifications/sass-3.2.14.gemspec
I, [2014-02-17T12:42:54.785219 #93205]  INFO -- : 0:  thor (0.18.1) from /Users/jules/.rvm/gems/ruby-2.1.0/specifications/thor-0.18.1.gemspec
I, [2014-02-17T12:42:54.785476 #93205]  INFO -- : 0:  bourbon (3.1.8) from /Users/jules/.rvm/gems/ruby-2.1.0/specifications/bourbon-3.1.8.gemspec
I, [2014-02-17T12:42:54.785739 #93205]  INFO -- : 0:  daemons (1.1.9) from /Users/jules/.rvm/gems/ruby-2.1.0/specifications/daemons-1.1.9.gemspec
I, [2014-02-17T12:42:54.786001 #93205]  INFO -- : 0:  eventmachine (1.0.3) from /Users/jules/.rvm/gems/ruby-2.1.0/specifications/eventmachine-1.0.3.gemspec
I, [2014-02-17T12:42:54.786325 #93205]  INFO -- : 0:  rack (1.5.2) from /Users/jules/.rvm/gems/ruby-2.1.0/specifications/rack-1.5.2.gemspec
I, [2014-02-17T12:42:54.786587 #93205]  INFO -- : 0:  rack-protection (1.5.1) from /Users/jules/.rvm/gems/ruby-2.1.0/specifications/rack-protection-1.5.1.gemspec
I, [2014-02-17T12:42:54.786845 #93205]  INFO -- : 0:  shotgun (0.9) from /Users/jules/.rvm/gems/ruby-2.1.0/specifications/shotgun-0.9.gemspec
I, [2014-02-17T12:42:54.787225 #93205]  INFO -- : 0:  tilt (1.4.1) from /Users/jules/.rvm/gems/ruby-2.1.0/specifications/tilt-1.4.1.gemspec
I, [2014-02-17T12:42:54.787567 #93205]  INFO -- : 0:  sinatra (1.3.6) from /Users/jules/.rvm/gems/ruby-2.1.0/specifications/sinatra-1.3.6.gemspec
I, [2014-02-17T12:42:54.787918 #93205]  INFO -- : 0:  thin (1.5.0) from /Users/jules/.rvm/gems/ruby-2.1.0/specifications/thin-1.5.0.gemspec
I, [2014-02-17T12:42:54.788346 #93205]  INFO -- : 0:  bundler (1.5.1) from /Users/jules/.rvm/gems/ruby-2.1.0@global/specifications/bundler-1.5.1.gemspec
